client/android/build/outputs/mapping/release/seeds.txt
com.hasanchik.game.AndroidLauncher
com.hasanchik.game.screens.ScreenType: com.hasanchik.game.screens.ScreenType[] values()
com.hasanchik.game.screens.ScreenType: com.hasanchik.game.screens.ScreenType valueOf(java.lang.String)
com.hasanchik.game.MyGame: MyGame()
com.hasanchik.game.AndroidLauncher: AndroidLauncher()
...
androidx.versionedparcelable.CustomVersionedParcelable: CustomVersionedParcelable()
com.badlogic.gdx.graphics.TextureData$TextureDataType: com.badlogic.gdx.graphics.TextureData$TextureDataType[] values()
com.badlogic.gdx.backends.android.DefaultAndroidInput$TouchEvent: DefaultAndroidInput$TouchEvent()
com.badlogic.gdx.graphics.glutils.GLVersion$Type: com.badlogic.gdx.graphics.glutils.GLVersion$Type[] values()
com.badlogic.gdx.Application$ApplicationType: com.badlogic.gdx.Application$ApplicationType valueOf(java.lang.String)
kotlin.internal.PlatformImplementations: PlatformImplementations()
kotlin.internal.jdk8.JDK8PlatformImplementations: JDK8PlatformImplementations()
androidx.core.graphics.drawable.IconCompatParcelizer: androidx.core.graphics.drawable.IconCompat read(androidx.versionedparcelable.VersionedParcel)
kotlinx.coroutines.internal.AtomicOp: AtomicOp()
com.badlogic.gdx.Input$Orientation: com.badlogic.gdx.Input$Orientation[] values()
com.badlogic.gdx.utils.ObjectMap: ObjectMap()
com.badlogic.gdx.graphics.g2d.Gdx2DPixmap: void free(long)
kotlinx.coroutines.internal.ThreadSafeHeap: ThreadSafeHeap()
kotlinx.coroutines.android.HandlerDispatcher: HandlerDispatcher()
androidx.core.graphics.drawable.IconCompat$Api26Impl: android.graphics.drawable.Drawable createAdaptiveIconDrawable(android.graphics.drawable.Drawable,android.graphics.drawable.Drawable)
com.badlogic.gdx.graphics.glutils.HdpiMode: com.badlogic.gdx.graphics.glutils.HdpiMode valueOf(java.lang.String)
com.badlogic.gdx.controllers.AbstractControllerManager: AbstractControllerManager()
androidx.core.graphics.drawable.IconCompat$Api28Impl: int getType(java.lang.Object)
com.badlogic.gdx.Input$Orientation: com.badlogic.gdx.Input$Orientation valueOf(java.lang.String)
androidx.core.graphics.drawable.IconCompat$Api30Impl: android.graphics.drawable.Icon createWithAdaptiveBitmapContentUri(android.net.Uri)
androidx.core.graphics.drawable.IconCompat: IconCompat()
kotlin.UninitializedPropertyAccessException: UninitializedPropertyAccessException()
kotlinx.coroutines.android.AndroidDispatcherFactory: AndroidDispatcherFactory()
kotlin.coroutines.AbstractCoroutineContextElement: kotlin.coroutines.CoroutineContext$Key getKey()
com.badlogic.gdx.graphics.Texture$TextureFilter: com.badlogic.gdx.graphics.Texture$TextureFilter[] values()
com.badlogic.gdx.graphics.Texture$TextureWrap: com.badlogic.gdx.graphics.Texture$TextureWrap valueOf(java.lang.String)
kotlinx.coroutines.scheduling.SchedulerTimeSource: SchedulerTimeSource()
kotlinx.coroutines.YieldContext: YieldContext()
com.badlogic.gdx.utils.IntMap$Entry: IntMap$Entry()
com.badlogic.gdx.utils.Array: Array()
kotlin.coroutines.AbstractCoroutineContextElement: java.lang.Object fold(java.lang.Object,kotlin.jvm.functions.Function2)
kotlin.jvm.internal.ReflectionFactory: ReflectionFactory()
com.badlogic.gdx.graphics.Pixmap$Format: com.badlogic.gdx.graphics.Pixmap$Format[] values()
com.badlogic.gdx.graphics.g2d.Gdx2DPixmap: void clear(long,int)
androidx.core.graphics.drawable.IconCompat$Api28Impl: java.lang.String getResPackage(java.lang.Object)
com.badlogic.gdx.graphics.glutils.HdpiMode: com.badlogic.gdx.graphics.glutils.HdpiMode[] values()
androidx.core.app.CoreComponentFactory: CoreComponentFactory()
kotlinx.coroutines.internal.CtorCache: CtorCache()
lombok.launch.AnnotationProcessorHider$AnnotationProcessor: AnnotationProcessorHider$AnnotationProcessor()
com.badlogic.gdx.graphics.Pixmap$Blending: com.badlogic.gdx.graphics.Pixmap$Blending[] values()
kotlin.coroutines.AbstractCoroutineContextElement: kotlin.coroutines.CoroutineContext plus(kotlin.coroutines.CoroutineContext)
com.badlogic.gdx.controllers.android.ControllerLifeCycleListener: ControllerLifeCycleListener(com.badlogic.gdx.controllers.android.AndroidControllers)
androidx.core.graphics.drawable.IconCompatParcelizer: IconCompatParcelizer()
androidx.core.app.RemoteActionCompatParcelizer: RemoteActionCompatParcelizer()