client/android/build/outputs/mapping/release/mapping.txt
# compiler: R8
# compiler_version: 4.0.48
# min_api: 26
# common_typos_disable
# {"id":"com.android.tools.r8.mapping","version":"2.1"}
# pg_map_id: bdf9e3a
# pg_map_hash: SHA-256 bdf9e3ab104a56b638769a4c2109fe7eeeca36f4537a78391eeb91383754b954
com.hasanchik.game.MyGame -> o.a:
    com.badlogic.gdx.utils.viewport.Viewport viewport -> c
    java.util.EnumMap screenCache -> b
    java.lang.String TAG -> d
    void create() -> e
    void setScreen(com.hasanchik.game.screens.ScreenType) -> h
com.hasanchik.game.screens.AbstractScreen -> p.a:
    com.hasanchik.game.MyGame context -> b
    com.badlogic.gdx.utils.viewport.Viewport viewport -> a
    void resize(int,int) -> d
    void render(float) -> e
com.hasanchik.game.screens.GameScreen -> p.b:
    void pause() -> a
    void show() -> b
    void resume() -> c
    void render(float) -> e
    void hide() -> f
com.hasanchik.game.screens.LoadingScreen -> p.c:
    void pause() -> a
    void show() -> b
    void resume() -> c
    void render(float) -> e
    void hide() -> f
com.hasanchik.game.screens.MainMenuScreen -> p.d:
    void pause() -> a
    void show() -> b
    void resume() -> c
    void hide() -> f
com.hasanchik.game.screens.ScreenType -> p.e:
    com.hasanchik.game.screens.ScreenType[] $VALUES -> h
    com.hasanchik.game.screens.ScreenType LOADING -> f
    com.hasanchik.game.screens.ScreenType GAME -> e
    java.lang.Class screenClass -> d
    com.hasanchik.game.screens.ScreenType MAINMENU -> g
    com.hasanchik.game.screens.ScreenType[] $values() -> a
    java.lang.Class getScreenClass() -> b
...
kotlinx.coroutines.JobNode -> i0.a1:
    kotlinx.coroutines.JobSupport job -> g
    boolean isActive() -> a
    void dispose() -> b
    kotlinx.coroutines.NodeList getList() -> c
    kotlinx.coroutines.JobSupport getJob() -> t
    void setJob(kotlinx.coroutines.JobSupport) -> u
kotlinx.coroutines.JobSupport -> i0.b1:
    java.util.concurrent.atomic.AtomicReferenceFieldUpdater _state$FU -> d
    java.lang.Throwable createCauseException(java.lang.Object) -> A
    java.lang.Object finalizeFinishingState(kotlinx.coroutines.JobSupport$Finishing,java.lang.Object) -> B
    kotlinx.coroutines.ChildHandleNode firstChild(kotlinx.coroutines.Incomplete) -> C
    java.lang.Throwable getExceptionOrNull(java.lang.Object) -> D
    java.lang.Throwable getFinalRootCause(kotlinx.coroutines.JobSupport$Finishing,java.util.List) -> E
    boolean getHandlesException$kotlinx_coroutines_core() -> F
    boolean getOnCancelComplete$kotlinx_coroutines_core() -> G
    kotlinx.coroutines.NodeList getOrPromoteCancellingList(kotlinx.coroutines.Incomplete) -> H
    kotlinx.coroutines.ChildHandle getParentHandle$kotlinx_coroutines_core() -> I
    java.lang.Object getState$kotlinx_coroutines_core() -> J
    boolean handleJobException(java.lang.Throwable) -> K
    void handleOnCompletionException$kotlinx_coroutines_core(java.lang.Throwable) -> L
    boolean isScopedCoroutine() -> M
    java.lang.Object makeCancelling(java.lang.Object) -> N
    java.lang.Object makeCompletingOnce$kotlinx_coroutines_core(java.lang.Object) -> O
    kotlinx.coroutines.JobNode makeNode(kotlin.jvm.functions.Function1,boolean) -> P
    java.lang.String nameString$kotlinx_coroutines_core() -> Q
    kotlinx.coroutines.ChildHandleNode nextChild(kotlinx.coroutines.internal.LockFreeLinkedListNode) -> R
kotlinx.coroutines.JobSupport$ChildCompletion -> i0.b1$a:
    java.lang.Object proposedUpdate -> k
    kotlinx.coroutines.JobSupport$Finishing state -> i
    kotlinx.coroutines.ChildHandleNode child -> j
    kotlinx.coroutines.JobSupport parent -> h
    java.lang.Object invoke(java.lang.Object) -> e
    void invoke(java.lang.Throwable) -> s
kotlinx.coroutines.JobSupport$Finishing -> i0.b1$b:
    kotlinx.coroutines.NodeList list -> d
    boolean isActive() -> a
    void addExceptionLocked(java.lang.Throwable) -> b
    kotlinx.coroutines.NodeList getList() -> c
    java.util.ArrayList allocateList() -> d
    java.lang.Object getExceptionsHolder() -> e
    java.lang.Throwable getRootCause() -> f
    boolean isCancelling() -> g
    boolean isCompleting() -> h
    boolean isSealed() -> i
    java.util.List sealLocked(java.lang.Throwable) -> j
    void setCompleting(boolean) -> k
    void setExceptionsHolder(java.lang.Object) -> l
    void setRootCause(java.lang.Throwable) -> m
kotlinx.coroutines.JobSupport$addLastAtomic$$inlined$addLastIf$1 -> i0.b1$c:
    kotlinx.coroutines.JobSupport this$0 -> e
    java.lang.Object $expect$inlined -> f
    kotlinx.coroutines.internal.LockFreeLinkedListNode $node -> d
    java.lang.Object prepare(java.lang.Object) -> g
    java.lang.Object prepare(kotlinx.coroutines.internal.LockFreeLinkedListNode) -> i
kotlinx.coroutines.JobSupportKt -> i0.c1:
    kotlinx.coroutines.internal.Symbol COMPLETING_ALREADY -> a
    kotlinx.coroutines.internal.Symbol TOO_LATE_TO_CANCEL -> d
    kotlinx.coroutines.internal.Symbol SEALED -> e
    kotlinx.coroutines.internal.Symbol COMPLETING_WAITING_CHILDREN -> b
    kotlinx.coroutines.internal.Symbol COMPLETING_RETRY -> c
    kotlinx.coroutines.Empty EMPTY_NEW -> f
    kotlinx.coroutines.Empty EMPTY_ACTIVE -> g
    kotlinx.coroutines.internal.Symbol access$getCOMPLETING_ALREADY$p() -> a
    kotlinx.coroutines.internal.Symbol access$getCOMPLETING_RETRY$p() -> b
    kotlinx.coroutines.Empty access$getEMPTY_ACTIVE$p() -> c
    kotlinx.coroutines.internal.Symbol access$getSEALED$p() -> d
    kotlinx.coroutines.internal.Symbol access$getTOO_LATE_TO_CANCEL$p() -> e
    java.lang.Object boxIncomplete(java.lang.Object) -> f