client/android/build/outputs/mapping/release/usage.txt
com.hasanchik.game.BuildConfig
com.hasanchik.game.MyGame:
    public com.badlogic.gdx.utils.viewport.Viewport getViewport()
com.hasanchik.game.R$anim
com.hasanchik.game.R$animator
com.hasanchik.game.R$attr
com.hasanchik.game.R$color
com.hasanchik.game.R$dimen
com.hasanchik.game.R$drawable
com.hasanchik.game.R$id
com.hasanchik.game.R$integer
com.hasanchik.game.R$layout
com.hasanchik.game.R$string
com.hasanchik.game.R$style
com.hasanchik.game.R$styleable
com.hasanchik.game.R
com.hasanchik.game.screens.AbstractScreen:
    public void <init>(com.hasanchik.game.MyGame)
com.hasanchik.game.screens.GameScreen:
    public void <init>(com.hasanchik.game.MyGame)
    public void dispose()
com.hasanchik.game.screens.LoadingScreen:
    public void <init>(com.hasanchik.game.MyGame)
    public void dispose()
com.hasanchik.game.screens.MainMenuScreen:
    public void <init>(com.hasanchik.game.MyGame)
    public void dispose()
...
com.badlogic.gdx.utils.ScreenUtils:
    public void <init>()
    public static void clear(com.badlogic.gdx.graphics.Color)
    public static void clear(com.badlogic.gdx.graphics.Color,boolean)
    public static byte[] getFrameBufferPixels(int,int,int,int,boolean)
    public static byte[] getFrameBufferPixels(boolean)
    public static com.badlogic.gdx.graphics.Pixmap getFrameBufferPixmap(int,int,int,int)
    public static com.badlogic.gdx.graphics.g2d.TextureRegion getFrameBufferTexture()
    public static com.badlogic.gdx.graphics.g2d.TextureRegion getFrameBufferTexture(int,int,int,int)
com.badlogic.gdx.utils.Select
com.badlogic.gdx.utils.SerializationException
com.badlogic.gdx.utils.SharedLibraryLoadRuntimeException:
    private static final long serialVersionUID
com.badlogic.gdx.utils.SharedLibraryLoader:
    public void <init>(java.lang.String)
    private boolean canExecute(java.io.File)
    private boolean canWrite(java.io.File)
    public java.io.File extractFile(java.lang.String,java.lang.String)
    public void extractFileTo(java.lang.String,java.io.File)
    private java.io.File getExtractedFile(java.lang.String,java.lang.String)
    static java.lang.String randomUUID()
com.badlogic.gdx.utils.ShortArray
com.badlogic.gdx.utils.SnapshotArray:
    public void <init>()
    public void <init>(int)
    public void <init>(com.badlogic.gdx.utils.Array)
    public void <init>(boolean,int)
    public void <init>(boolean,int,java.lang.Class)
    public void <init>(boolean,java.lang.Object[],int,int)
    public void <init>(java.lang.Object[])
    public void insert(int,java.lang.Object)
    public void insertRange(int,int)
    public boolean removeAll(com.badlogic.gdx.utils.Array,boolean)
    public void removeRange(int,int)
    public void reverse()
    public void set(int,java.lang.Object)
    public java.lang.Object[] setSize(int)
    public void shuffle()
    public void sort()
    public void sort(java.util.Comparator)
    public void swap(int,int)
    public void truncate(int)
    public static varargs com.badlogic.gdx.utils.SnapshotArray with(java.lang.Object[])
com.badlogic.gdx.utils.Sort
com.badlogic.gdx.utils.SortedIntList$Iterator
com.badlogic.gdx.utils.SortedIntList$Node
com.badlogic.gdx.utils.SortedIntList$NodePool
com.badlogic.gdx.utils.SortedIntList
com.badlogic.gdx.utils.StreamUtils$OptimizedByteArrayOutputStream
com.badlogic.gdx.utils.StreamUtils
com.badlogic.gdx.utils.StringBuilder:
    static final int INITIAL_CAPACITY
    public void <init>(com.badlogic.gdx.utils.StringBuilder)
    public void <init>(java.lang.CharSequence)
    public void <init>(java.lang.String)
    public com.badlogic.gdx.utils.StringBuilder append(double)
    public com.badlogic.gdx.utils.StringBuilder append(float)
    public com.badlogic.gdx.utils.StringBuilder append(int)
    public com.badlogic.gdx.utils.StringBuilder append(int,int)
    public com.badlogic.gdx.utils.StringBuilder append(int,int,char)
    public com.badlogic.gdx.utils.StringBuilder append(long)
    public com.badlogic.gdx.utils.StringBuilder append(long,int)
    public com.badlogic.gdx.utils.StringBuilder append(long,int,char)
    public com.badlogic.gdx.utils.StringBuilder append(com.badlogic.gdx.utils.StringBuilder)
    public com.badlogic.gdx.utils.StringBuilder append(com.badlogic.gdx.utils.StringBuilder,int,int)
    public com.badlogic.gdx.utils.StringBuilder append(java.lang.String,java.lang.String)
    public com.badlogic.gdx.utils.StringBuilder append(boolean)
    public com.badlogic.gdx.utils.StringBuilder append(char[])
    public com.badlogic.gdx.utils.StringBuilder append(char[],int,int)
    final void append0(char[])
    public com.badlogic.gdx.utils.StringBuilder appendCodePoint(int)
    public com.badlogic.gdx.utils.StringBuilder appendLine(java.lang.String)
    public int capacity()
    public void clear()
    public int codePointAt(int)
com.badlogic.gdx.utils.TextFormatter
com.badlogic.gdx.utils.TimSort
com.badlogic.gdx.utils.TimeUtils